<?xml version="1.0" encoding="UTF-8"?>
<testExecutions version="1">
  <file path="C:\Users\elconrado\Documents\personal\slintconfig\src\app.test.js">
    <testCase name="app.js getAlgo() should get string" duration="2"/>
  </file>
</testExecutions>